2021-02-20 16:51:03.708 INFO  --- [StartupInfoLogger.java:55][main] - Starting AssociationManageApplication using Java 1.8.0_161 on YUMC80K8J8KKQ8K with PID 6960 (G:\IDEA\workspace\graduationProject\association-manage\target\classes started by Taylor in G:\IDEA\workspace\graduationProject\association-manage)
2021-02-20 16:51:03.713 INFO  --- [SpringApplication.java:664][main] - The following profiles are active: dev
2021-02-20 16:51:04.909 INFO  --- [HikariDataSource.java:110][main] - HikariPool-1 - Starting...
2021-02-20 16:51:05.088 INFO  --- [HikariDataSource.java:123][main] - HikariPool-1 - Start completed.
2021-02-20 16:51:07.457 INFO  --- [StartupInfoLogger.java:61][main] - Started AssociationManageApplication in 4.443 seconds (JVM running for 7.054)
2021-02-20 17:17:40.646 INFO  --- [MyRealm.java:63][http-nio-8083-exec-10] - ————————身份认证——————————
2021-02-20 17:17:47.725 INFO  --- [ExceptionApi.java:43][http-nio-8083-exec-3] - 其他所有异常:I/O error while reading input message; nested exception is org.apache.catalina.connector.ClientAbortException: java.io.EOFException: Unexpected EOF read on the socket
2021-02-20 17:18:06.724 INFO  --- [ExceptionApi.java:43][http-nio-8083-exec-2] - 其他所有异常:I/O error while reading input message; nested exception is org.apache.catalina.connector.ClientAbortException: java.io.EOFException: Unexpected EOF read on the socket
2021-02-20 17:18:18.720 INFO  --- [ExceptionApi.java:43][http-nio-8083-exec-4] - 其他所有异常:I/O error while reading input message; nested exception is org.apache.catalina.connector.ClientAbortException: java.io.EOFException: Unexpected EOF read on the socket
2021-02-20 17:18:39.433 INFO  --- [ExceptionApi.java:43][http-nio-8083-exec-5] - 其他所有异常:I/O error while reading input message; nested exception is org.apache.catalina.connector.ClientAbortException: java.io.EOFException: Unexpected EOF read on the socket
2021-02-20 17:18:57.165 INFO  --- [ExceptionApi.java:43][http-nio-8083-exec-7] - 其他所有异常:I/O error while reading input message; nested exception is org.apache.catalina.connector.ClientAbortException: java.io.EOFException: Unexpected EOF read on the socket
2021-02-20 17:32:37.347 INFO  --- [ExceptionApi.java:43][http-nio-8083-exec-8] - 其他所有异常:I/O error while reading input message; nested exception is org.apache.catalina.connector.ClientAbortException: java.io.EOFException: Unexpected EOF read on the socket
2021-02-20 17:33:40.257 INFO  --- [MyRealm.java:63][http-nio-8083-exec-9] - ————————身份认证——————————
2021-02-20 17:36:47.457 INFO  --- [MyRealm.java:63][http-nio-8083-exec-6] - ————————身份认证——————————
2021-02-20 17:36:53.771 INFO  --- [MyRealm.java:63][http-nio-8083-exec-9] - ————————身份认证——————————
2021-02-20 17:41:04.792 INFO  --- [MyRealm.java:63][http-nio-8083-exec-2] - ————————身份认证——————————
2021-02-20 18:07:26.105 INFO  --- [StartupInfoLogger.java:55][main] - Starting AssociationManageApplication using Java 1.8.0_161 on YUMC80K8J8KKQ8K with PID 20020 (G:\IDEA\workspace\graduationProject\association-manage\target\classes started by Taylor in G:\IDEA\workspace\graduationProject\association-manage)
2021-02-20 18:07:26.109 INFO  --- [SpringApplication.java:664][main] - The following profiles are active: dev
2021-02-20 18:07:27.808 INFO  --- [HikariDataSource.java:110][main] - HikariPool-1 - Starting...
2021-02-20 18:07:28.009 INFO  --- [HikariDataSource.java:123][main] - HikariPool-1 - Start completed.
2021-02-20 18:07:30.633 INFO  --- [StartupInfoLogger.java:61][main] - Started AssociationManageApplication in 5.311 seconds (JVM running for 7.316)
2021-02-20 18:09:39.033 INFO  --- [MyRealm.java:63][http-nio-8083-exec-3] - ————————身份认证——————————
2021-02-20 18:09:39.066 INFO  --- [MyRealm.java:70][http-nio-8083-exec-3] - username:root
2021-02-20 18:09:39.088 INFO  --- [MyRealm.java:154][http-nio-8083-exec-3] - 存入redis的过期时间：1799
2021-02-20 18:09:39.093 INFO  --- [ExceptionApi.java:43][http-nio-8083-exec-3] - 其他所有异常:Request method 'GET' not supported
2021-02-20 18:09:52.302 INFO  --- [MyRealm.java:63][http-nio-8083-exec-4] - ————————身份认证——————————
2021-02-20 18:09:52.303 INFO  --- [MyRealm.java:70][http-nio-8083-exec-4] - username:root
2021-02-20 18:09:52.320 INFO  --- [MyRealm.java:154][http-nio-8083-exec-4] - 存入redis的过期时间：1799
2021-02-20 18:09:52.322 INFO  --- [ExceptionApi.java:43][http-nio-8083-exec-4] - 其他所有异常:Content type '' not supported
2021-02-20 18:10:11.199 INFO  --- [StartupInfoLogger.java:55][main] - Starting AssociationManageApplication using Java 1.8.0_161 on YUMC80K8J8KKQ8K with PID 14720 (G:\IDEA\workspace\graduationProject\association-manage\target\classes started by Taylor in G:\IDEA\workspace\graduationProject\association-manage)
2021-02-20 18:10:11.203 INFO  --- [SpringApplication.java:664][main] - The following profiles are active: dev
2021-02-20 18:10:12.930 INFO  --- [HikariDataSource.java:110][main] - HikariPool-1 - Starting...
2021-02-20 18:10:13.090 INFO  --- [HikariDataSource.java:123][main] - HikariPool-1 - Start completed.
2021-02-20 18:10:15.662 INFO  --- [StartupInfoLogger.java:61][main] - Started AssociationManageApplication in 5.138 seconds (JVM running for 7.256)
2021-02-20 18:10:41.086 INFO  --- [MyRealm.java:63][http-nio-8083-exec-1] - ————————身份认证——————————
2021-02-20 18:10:41.127 INFO  --- [MyRealm.java:70][http-nio-8083-exec-1] - username:root
2021-02-20 18:10:42.896 INFO  --- [MyRealm.java:154][http-nio-8083-exec-1] - 存入redis的过期时间：1799
2021-02-20 18:10:42.918 INFO  --- [ExceptionApi.java:43][http-nio-8083-exec-1] - 其他所有异常:null
2021-02-20 18:11:05.194 INFO  --- [MyRealm.java:63][http-nio-8083-exec-5] - ————————身份认证——————————
2021-02-20 18:11:05.195 INFO  --- [MyRealm.java:70][http-nio-8083-exec-5] - username:root
2021-02-20 18:11:05.210 INFO  --- [MyRealm.java:154][http-nio-8083-exec-5] - 存入redis的过期时间：1799
2021-02-20 18:11:05.212 INFO  --- [ExceptionApi.java:43][http-nio-8083-exec-5] - 其他所有异常:null
2021-02-20 18:16:56.622 INFO  --- [MyRealm.java:63][http-nio-8083-exec-6] - ————————身份认证——————————
2021-02-20 18:16:56.623 INFO  --- [MyRealm.java:70][http-nio-8083-exec-6] - username:root
2021-02-20 18:16:56.637 INFO  --- [MyRealm.java:154][http-nio-8083-exec-6] - 存入redis的过期时间：1799
2021-02-20 18:16:56.639 INFO  --- [ExceptionApi.java:43][http-nio-8083-exec-6] - 其他所有异常:null
2021-02-20 18:19:29.196 INFO  --- [StartupInfoLogger.java:55][main] - Starting AssociationManageApplication using Java 1.8.0_161 on YUMC80K8J8KKQ8K with PID 17996 (G:\IDEA\workspace\graduationProject\association-manage\target\classes started by Taylor in G:\IDEA\workspace\graduationProject\association-manage)
2021-02-20 18:19:29.200 INFO  --- [SpringApplication.java:664][main] - The following profiles are active: dev
2021-02-20 18:19:30.869 INFO  --- [HikariDataSource.java:110][main] - HikariPool-1 - Starting...
2021-02-20 18:19:31.031 INFO  --- [HikariDataSource.java:123][main] - HikariPool-1 - Start completed.
2021-02-20 18:19:33.646 INFO  --- [StartupInfoLogger.java:61][main] - Started AssociationManageApplication in 5.247 seconds (JVM running for 7.852)
2021-02-20 18:19:38.925 INFO  --- [MyRealm.java:63][http-nio-8083-exec-1] - ————————身份认证——————————
2021-02-20 18:19:38.961 INFO  --- [MyRealm.java:70][http-nio-8083-exec-1] - username:root
2021-02-20 18:19:40.746 INFO  --- [MyRealm.java:152][http-nio-8083-exec-1] - 重新设置超时时间
2021-02-20 18:19:40.751 INFO  --- [MyRealm.java:156][http-nio-8083-exec-1] - 存入redis的过期时间：1799
2021-02-20 18:19:40.774 INFO  --- [ExceptionApi.java:43][http-nio-8083-exec-1] - 其他所有异常:null
2021-02-20 18:21:29.267 INFO  --- [StartupInfoLogger.java:55][main] - Starting AssociationManageApplication using Java 1.8.0_161 on YUMC80K8J8KKQ8K with PID 20696 (G:\IDEA\workspace\graduationProject\association-manage\target\classes started by Taylor in G:\IDEA\workspace\graduationProject\association-manage)
2021-02-20 18:21:29.271 INFO  --- [SpringApplication.java:664][main] - The following profiles are active: dev
2021-02-20 18:21:30.975 INFO  --- [HikariDataSource.java:110][main] - HikariPool-1 - Starting...
2021-02-20 18:21:31.136 INFO  --- [HikariDataSource.java:123][main] - HikariPool-1 - Start completed.
2021-02-20 18:21:33.696 INFO  --- [StartupInfoLogger.java:61][main] - Started AssociationManageApplication in 5.163 seconds (JVM running for 7.587)
2021-02-20 18:21:59.444 INFO  --- [MyRealm.java:63][http-nio-8083-exec-3] - ————————身份认证——————————
2021-02-20 18:21:59.470 INFO  --- [MyRealm.java:70][http-nio-8083-exec-3] - username:root
2021-02-20 18:21:59.489 INFO  --- [MyRealm.java:152][http-nio-8083-exec-3] - 重新设置超时时间
2021-02-20 18:21:59.502 INFO  --- [ExceptionApi.java:43][http-nio-8083-exec-3] - 其他所有异常:null
2021-02-20 18:23:22.965 INFO  --- [StartupInfoLogger.java:55][main] - Starting AssociationManageApplication using Java 1.8.0_161 on YUMC80K8J8KKQ8K with PID 15180 (G:\IDEA\workspace\graduationProject\association-manage\target\classes started by Taylor in G:\IDEA\workspace\graduationProject\association-manage)
2021-02-20 18:23:22.969 INFO  --- [SpringApplication.java:664][main] - The following profiles are active: dev
2021-02-20 18:23:24.931 INFO  --- [HikariDataSource.java:110][main] - HikariPool-1 - Starting...
2021-02-20 18:23:25.100 INFO  --- [HikariDataSource.java:123][main] - HikariPool-1 - Start completed.
2021-02-20 18:23:27.832 INFO  --- [StartupInfoLogger.java:61][main] - Started AssociationManageApplication in 5.628 seconds (JVM running for 7.879)
2021-02-20 18:23:32.005 INFO  --- [MyRealm.java:63][http-nio-8083-exec-2] - ————————身份认证——————————
2021-02-20 18:23:32.045 INFO  --- [MyRealm.java:70][http-nio-8083-exec-2] - username:root
2021-02-20 18:23:33.767 INFO  --- [MyRealm.java:152][http-nio-8083-exec-2] - 重新设置超时时间
2021-02-20 18:23:33.792 INFO  --- [ExceptionApi.java:43][http-nio-8083-exec-2] - 其他所有异常:null
2021-02-20 18:25:29.495 INFO  --- [MyRealm.java:63][http-nio-8083-exec-4] - ————————身份认证——————————
2021-02-20 18:25:37.037 INFO  --- [MyRealm.java:63][http-nio-8083-exec-6] - ————————身份认证——————————
2021-02-20 18:25:37.038 INFO  --- [MyRealm.java:70][http-nio-8083-exec-6] - username:root
2021-02-20 18:25:37.061 INFO  --- [MyRealm.java:152][http-nio-8083-exec-6] - 重新设置超时时间
2021-02-20 18:25:37.065 INFO  --- [ExceptionApi.java:43][http-nio-8083-exec-6] - 其他所有异常:null
2021-02-20 18:34:40.724 INFO  --- [StartupInfoLogger.java:55][main] - Starting AssociationManageApplication using Java 1.8.0_161 on YUMC80K8J8KKQ8K with PID 21652 (G:\IDEA\workspace\graduationProject\association-manage\target\classes started by Taylor in G:\IDEA\workspace\graduationProject\association-manage)
2021-02-20 18:34:40.729 INFO  --- [SpringApplication.java:664][main] - The following profiles are active: dev
2021-02-20 18:34:42.062 INFO  --- [HikariDataSource.java:110][main] - HikariPool-1 - Starting...
2021-02-20 18:34:42.269 INFO  --- [HikariDataSource.java:123][main] - HikariPool-1 - Start completed.
2021-02-20 18:34:44.854 INFO  --- [StartupInfoLogger.java:61][main] - Started AssociationManageApplication in 4.893 seconds (JVM running for 7.205)
2021-02-20 18:34:53.417 INFO  --- [ExceptionApi.java:43][http-nio-8083-exec-1] - 其他所有异常:null
2021-02-20 18:37:41.141 INFO  --- [ExceptionApi.java:43][http-nio-8083-exec-3] - 其他所有异常:null
2021-02-20 18:41:46.050 INFO  --- [StartupInfoLogger.java:55][main] - Starting AssociationManageApplication using Java 1.8.0_161 on YUMC80K8J8KKQ8K with PID 17636 (G:\IDEA\workspace\graduationProject\association-manage\target\classes started by Taylor in G:\IDEA\workspace\graduationProject\association-manage)
2021-02-20 18:41:46.055 INFO  --- [SpringApplication.java:664][main] - The following profiles are active: dev
2021-02-20 18:41:47.310 INFO  --- [HikariDataSource.java:110][main] - HikariPool-1 - Starting...
2021-02-20 18:41:47.470 INFO  --- [HikariDataSource.java:123][main] - HikariPool-1 - Start completed.
2021-02-20 18:41:49.778 INFO  --- [StartupInfoLogger.java:61][main] - Started AssociationManageApplication in 4.305 seconds (JVM running for 6.644)
2021-02-20 18:42:09.502 INFO  --- [ExceptionApi.java:43][http-nio-8083-exec-1] - 其他所有异常:null
2021-02-20 18:42:47.587 INFO  --- [StartupInfoLogger.java:55][main] - Starting AssociationManageApplication using Java 1.8.0_161 on YUMC80K8J8KKQ8K with PID 16912 (G:\IDEA\workspace\graduationProject\association-manage\target\classes started by Taylor in G:\IDEA\workspace\graduationProject\association-manage)
2021-02-20 18:42:47.590 INFO  --- [SpringApplication.java:664][main] - The following profiles are active: dev
2021-02-20 18:42:49.001 INFO  --- [HikariDataSource.java:110][main] - HikariPool-1 - Starting...
2021-02-20 18:42:49.154 INFO  --- [HikariDataSource.java:123][main] - HikariPool-1 - Start completed.
2021-02-20 18:42:51.661 INFO  --- [StartupInfoLogger.java:61][main] - Started AssociationManageApplication in 4.846 seconds (JVM running for 7.014)
2021-02-20 18:42:59.709 ERROR --- [DirectJDKLog.java:175][http-nio-8083-exec-3] - Servlet.service() for servlet [dispatcherServlet] in context with path [] threw exception [Request processing failed; nested exception is java.lang.NullPointerException] with root cause
java.lang.NullPointerException: null
	at com.taylor.associationmanage.util.JwtUtil.parseTokenUid(JwtUtil.java:86)
	at com.taylor.associationmanage.service.impl.UserServiceImpl.userInfo(UserServiceImpl.java:68)
	at sun.reflect.NativeMethodAccessorImpl.invoke0(Native Method)
	at sun.reflect.NativeMethodAccessorImpl.invoke(NativeMethodAccessorImpl.java:62)
	at sun.reflect.DelegatingMethodAccessorImpl.invoke(DelegatingMethodAccessorImpl.java:43)
	at java.lang.reflect.Method.invoke(Method.java:498)
	at org.springframework.aop.support.AopUtils.invokeJoinpointUsingReflection(AopUtils.java:344)
	at org.springframework.aop.framework.JdkDynamicAopProxy.invoke(JdkDynamicAopProxy.java:208)
	at com.sun.proxy.$Proxy78.userInfo(Unknown Source)
	at com.taylor.associationmanage.controller.UserController.getInfo(UserController.java:43)
	at sun.reflect.NativeMethodAccessorImpl.invoke0(Native Method)
	at sun.reflect.NativeMethodAccessorImpl.invoke(NativeMethodAccessorImpl.java:62)
	at sun.reflect.DelegatingMethodAccessorImpl.invoke(DelegatingMethodAccessorImpl.java:43)
	at java.lang.reflect.Method.invoke(Method.java:498)
	at org.springframework.web.method.support.InvocableHandlerMethod.doInvoke(InvocableHandlerMethod.java:197)
	at org.springframework.web.method.support.InvocableHandlerMethod.invokeForRequest(InvocableHandlerMethod.java:141)
	at org.springframework.web.servlet.mvc.method.annotation.ServletInvocableHandlerMethod.invokeAndHandle(ServletInvocableHandlerMethod.java:106)
	at org.springframework.web.servlet.mvc.method.annotation.RequestMappingHandlerAdapter.invokeHandlerMethod(RequestMappingHandlerAdapter.java:894)
	at org.springframework.web.servlet.mvc.method.annotation.RequestMappingHandlerAdapter.handleInternal(RequestMappingHandlerAdapter.java:808)
	at org.springframework.web.servlet.mvc.method.AbstractHandlerMethodAdapter.handle(AbstractHandlerMethodAdapter.java:87)
	at org.springframework.web.servlet.DispatcherServlet.doDispatch(DispatcherServlet.java:1060)
	at org.springframework.web.servlet.DispatcherServlet.doService(DispatcherServlet.java:962)
	at org.springframework.web.servlet.FrameworkServlet.processRequest(FrameworkServlet.java:1006)
	at org.springframework.web.servlet.FrameworkServlet.doPost(FrameworkServlet.java:909)
	at javax.servlet.http.HttpServlet.service(HttpServlet.java:652)
	at org.springframework.web.servlet.FrameworkServlet.service(FrameworkServlet.java:883)
	at javax.servlet.http.HttpServlet.service(HttpServlet.java:733)
	at org.apache.catalina.core.ApplicationFilterChain.internalDoFilter(ApplicationFilterChain.java:231)
	at org.apache.catalina.core.ApplicationFilterChain.doFilter(ApplicationFilterChain.java:166)
	at org.apache.tomcat.websocket.server.WsFilter.doFilter(WsFilter.java:53)
	at org.apache.catalina.core.ApplicationFilterChain.internalDoFilter(ApplicationFilterChain.java:193)
	at org.apache.catalina.core.ApplicationFilterChain.doFilter(ApplicationFilterChain.java:166)
	at org.apache.shiro.web.servlet.ProxiedFilterChain.doFilter(ProxiedFilterChain.java:61)
	at org.apache.shiro.web.servlet.AdviceFilter.executeChain(AdviceFilter.java:108)
	at org.apache.shiro.web.servlet.AdviceFilter.doFilterInternal(AdviceFilter.java:137)
	at org.apache.shiro.web.servlet.OncePerRequestFilter.doFilter(OncePerRequestFilter.java:125)
	at org.apache.shiro.web.servlet.ProxiedFilterChain.doFilter(ProxiedFilterChain.java:66)
	at org.apache.shiro.web.servlet.AbstractShiroFilter.executeChain(AbstractShiroFilter.java:449)
	at org.apache.shiro.web.servlet.AbstractShiroFilter$1.call(AbstractShiroFilter.java:365)
	at org.apache.shiro.subject.support.SubjectCallable.doCall(SubjectCallable.java:90)
	at org.apache.shiro.subject.support.SubjectCallable.call(SubjectCallable.java:83)
	at org.apache.shiro.subject.support.DelegatingSubject.execute(DelegatingSubject.java:387)
	at org.apache.shiro.web.servlet.AbstractShiroFilter.doFilterInternal(AbstractShiroFilter.java:362)
	at org.apache.shiro.web.servlet.OncePerRequestFilter.doFilter(OncePerRequestFilter.java:125)
	at org.apache.catalina.core.ApplicationFilterChain.internalDoFilter(ApplicationFilterChain.java:193)
	at org.apache.catalina.core.ApplicationFilterChain.doFilter(ApplicationFilterChain.java:166)
	at org.springframework.web.filter.RequestContextFilter.doFilterInternal(RequestContextFilter.java:100)
	at org.springframework.web.filter.OncePerRequestFilter.doFilter(OncePerRequestFilter.java:119)
	at org.apache.catalina.core.ApplicationFilterChain.internalDoFilter(ApplicationFilterChain.java:193)
	at org.apache.catalina.core.ApplicationFilterChain.doFilter(ApplicationFilterChain.java:166)
	at org.springframework.web.filter.FormContentFilter.doFilterInternal(FormContentFilter.java:93)
	at org.springframework.web.filter.OncePerRequestFilter.doFilter(OncePerRequestFilter.java:119)
	at org.apache.catalina.core.ApplicationFilterChain.internalDoFilter(ApplicationFilterChain.java:193)
	at org.apache.catalina.core.ApplicationFilterChain.doFilter(ApplicationFilterChain.java:166)
	at org.springframework.web.filter.CharacterEncodingFilter.doFilterInternal(CharacterEncodingFilter.java:201)
	at org.springframework.web.filter.OncePerRequestFilter.doFilter(OncePerRequestFilter.java:119)
	at org.apache.catalina.core.ApplicationFilterChain.internalDoFilter(ApplicationFilterChain.java:193)
	at org.apache.catalina.core.ApplicationFilterChain.doFilter(ApplicationFilterChain.java:166)
	at org.apache.catalina.core.StandardWrapperValve.invoke(StandardWrapperValve.java:202)
	at org.apache.catalina.core.StandardContextValve.invoke(StandardContextValve.java:97)
	at org.apache.catalina.authenticator.AuthenticatorBase.invoke(AuthenticatorBase.java:542)
	at org.apache.catalina.core.StandardHostValve.invoke(StandardHostValve.java:143)
	at org.apache.catalina.valves.ErrorReportValve.invoke(ErrorReportValve.java:92)
	at org.apache.catalina.core.StandardEngineValve.invoke(StandardEngineValve.java:78)
	at org.apache.catalina.connector.CoyoteAdapter.service(CoyoteAdapter.java:343)
	at org.apache.coyote.http11.Http11Processor.service(Http11Processor.java:374)
	at org.apache.coyote.AbstractProcessorLight.process(AbstractProcessorLight.java:65)
	at org.apache.coyote.AbstractProtocol$ConnectionHandler.process(AbstractProtocol.java:888)
	at org.apache.tomcat.util.net.NioEndpoint$SocketProcessor.doRun(NioEndpoint.java:1597)
	at org.apache.tomcat.util.net.SocketProcessorBase.run(SocketProcessorBase.java:49)
	at java.util.concurrent.ThreadPoolExecutor.runWorker(ThreadPoolExecutor.java:1149)
	at java.util.concurrent.ThreadPoolExecutor$Worker.run(ThreadPoolExecutor.java:624)
	at org.apache.tomcat.util.threads.TaskThread$WrappingRunnable.run(TaskThread.java:61)
	at java.lang.Thread.run(Thread.java:748)
2021-02-20 18:47:14.129 INFO  --- [StartupInfoLogger.java:55][main] - Starting AssociationManageApplication using Java 1.8.0_161 on YUMC80K8J8KKQ8K with PID 13176 (G:\IDEA\workspace\graduationProject\association-manage\target\classes started by Taylor in G:\IDEA\workspace\graduationProject\association-manage)
2021-02-20 18:47:14.133 INFO  --- [SpringApplication.java:664][main] - The following profiles are active: dev
2021-02-20 18:47:15.516 INFO  --- [HikariDataSource.java:110][main] - HikariPool-1 - Starting...
2021-02-20 18:47:15.663 INFO  --- [HikariDataSource.java:123][main] - HikariPool-1 - Start completed.
2021-02-20 18:47:18.035 INFO  --- [StartupInfoLogger.java:61][main] - Started AssociationManageApplication in 4.521 seconds (JVM running for 6.794)
2021-02-20 18:47:25.783 ERROR --- [DirectJDKLog.java:175][http-nio-8083-exec-2] - Servlet.service() for servlet [dispatcherServlet] in context with path [] threw exception [Request processing failed; nested exception is java.lang.NullPointerException] with root cause
java.lang.NullPointerException: null
	at com.taylor.associationmanage.service.impl.UserServiceImpl.userInfo(UserServiceImpl.java:68)
	at sun.reflect.NativeMethodAccessorImpl.invoke0(Native Method)
	at sun.reflect.NativeMethodAccessorImpl.invoke(NativeMethodAccessorImpl.java:62)
	at sun.reflect.DelegatingMethodAccessorImpl.invoke(DelegatingMethodAccessorImpl.java:43)
	at java.lang.reflect.Method.invoke(Method.java:498)
	at org.springframework.aop.support.AopUtils.invokeJoinpointUsingReflection(AopUtils.java:344)
	at org.springframework.aop.framework.JdkDynamicAopProxy.invoke(JdkDynamicAopProxy.java:208)
	at com.sun.proxy.$Proxy78.userInfo(Unknown Source)
	at com.taylor.associationmanage.controller.UserController.getInfo(UserController.java:43)
	at sun.reflect.NativeMethodAccessorImpl.invoke0(Native Method)
	at sun.reflect.NativeMethodAccessorImpl.invoke(NativeMethodAccessorImpl.java:62)
	at sun.reflect.DelegatingMethodAccessorImpl.invoke(DelegatingMethodAccessorImpl.java:43)
	at java.lang.reflect.Method.invoke(Method.java:498)
	at org.springframework.web.method.support.InvocableHandlerMethod.doInvoke(InvocableHandlerMethod.java:197)
	at org.springframework.web.method.support.InvocableHandlerMethod.invokeForRequest(InvocableHandlerMethod.java:141)
	at org.springframework.web.servlet.mvc.method.annotation.ServletInvocableHandlerMethod.invokeAndHandle(ServletInvocableHandlerMethod.java:106)
	at org.springframework.web.servlet.mvc.method.annotation.RequestMappingHandlerAdapter.invokeHandlerMethod(RequestMappingHandlerAdapter.java:894)
	at org.springframework.web.servlet.mvc.method.annotation.RequestMappingHandlerAdapter.handleInternal(RequestMappingHandlerAdapter.java:808)
	at org.springframework.web.servlet.mvc.method.AbstractHandlerMethodAdapter.handle(AbstractHandlerMethodAdapter.java:87)
	at org.springframework.web.servlet.DispatcherServlet.doDispatch(DispatcherServlet.java:1060)
	at org.springframework.web.servlet.DispatcherServlet.doService(DispatcherServlet.java:962)
	at org.springframework.web.servlet.FrameworkServlet.processRequest(FrameworkServlet.java:1006)
	at org.springframework.web.servlet.FrameworkServlet.doPost(FrameworkServlet.java:909)
	at javax.servlet.http.HttpServlet.service(HttpServlet.java:652)
	at org.springframework.web.servlet.FrameworkServlet.service(FrameworkServlet.java:883)
	at javax.servlet.http.HttpServlet.service(HttpServlet.java:733)
	at org.apache.catalina.core.ApplicationFilterChain.internalDoFilter(ApplicationFilterChain.java:231)
	at org.apache.catalina.core.ApplicationFilterChain.doFilter(ApplicationFilterChain.java:166)
	at org.apache.tomcat.websocket.server.WsFilter.doFilter(WsFilter.java:53)
	at org.apache.catalina.core.ApplicationFilterChain.internalDoFilter(ApplicationFilterChain.java:193)
	at org.apache.catalina.core.ApplicationFilterChain.doFilter(ApplicationFilterChain.java:166)
	at org.apache.shiro.web.servlet.ProxiedFilterChain.doFilter(ProxiedFilterChain.java:61)
	at org.apache.shiro.web.servlet.AdviceFilter.executeChain(AdviceFilter.java:108)
	at org.apache.shiro.web.servlet.AdviceFilter.doFilterInternal(AdviceFilter.java:137)
	at org.apache.shiro.web.servlet.OncePerRequestFilter.doFilter(OncePerRequestFilter.java:125)
	at org.apache.shiro.web.servlet.ProxiedFilterChain.doFilter(ProxiedFilterChain.java:66)
	at org.apache.shiro.web.servlet.AbstractShiroFilter.executeChain(AbstractShiroFilter.java:449)
	at org.apache.shiro.web.servlet.AbstractShiroFilter$1.call(AbstractShiroFilter.java:365)
	at org.apache.shiro.subject.support.SubjectCallable.doCall(SubjectCallable.java:90)
	at org.apache.shiro.subject.support.SubjectCallable.call(SubjectCallable.java:83)
	at org.apache.shiro.subject.support.DelegatingSubject.execute(DelegatingSubject.java:387)
	at org.apache.shiro.web.servlet.AbstractShiroFilter.doFilterInternal(AbstractShiroFilter.java:362)
	at org.apache.shiro.web.servlet.OncePerRequestFilter.doFilter(OncePerRequestFilter.java:125)
	at org.apache.catalina.core.ApplicationFilterChain.internalDoFilter(ApplicationFilterChain.java:193)
	at org.apache.catalina.core.ApplicationFilterChain.doFilter(ApplicationFilterChain.java:166)
	at org.springframework.web.filter.RequestContextFilter.doFilterInternal(RequestContextFilter.java:100)
	at org.springframework.web.filter.OncePerRequestFilter.doFilter(OncePerRequestFilter.java:119)
	at org.apache.catalina.core.ApplicationFilterChain.internalDoFilter(ApplicationFilterChain.java:193)
	at org.apache.catalina.core.ApplicationFilterChain.doFilter(ApplicationFilterChain.java:166)
	at org.springframework.web.filter.FormContentFilter.doFilterInternal(FormContentFilter.java:93)
	at org.springframework.web.filter.OncePerRequestFilter.doFilter(OncePerRequestFilter.java:119)
	at org.apache.catalina.core.ApplicationFilterChain.internalDoFilter(ApplicationFilterChain.java:193)
	at org.apache.catalina.core.ApplicationFilterChain.doFilter(ApplicationFilterChain.java:166)
	at org.springframework.web.filter.CharacterEncodingFilter.doFilterInternal(CharacterEncodingFilter.java:201)
	at org.springframework.web.filter.OncePerRequestFilter.doFilter(OncePerRequestFilter.java:119)
	at org.apache.catalina.core.ApplicationFilterChain.internalDoFilter(ApplicationFilterChain.java:193)
	at org.apache.catalina.core.ApplicationFilterChain.doFilter(ApplicationFilterChain.java:166)
	at org.apache.catalina.core.StandardWrapperValve.invoke(StandardWrapperValve.java:202)
	at org.apache.catalina.core.StandardContextValve.invoke(StandardContextValve.java:97)
	at org.apache.catalina.authenticator.AuthenticatorBase.invoke(AuthenticatorBase.java:542)
	at org.apache.catalina.core.StandardHostValve.invoke(StandardHostValve.java:143)
	at org.apache.catalina.valves.ErrorReportValve.invoke(ErrorReportValve.java:92)
	at org.apache.catalina.core.StandardEngineValve.invoke(StandardEngineValve.java:78)
	at org.apache.catalina.connector.CoyoteAdapter.service(CoyoteAdapter.java:343)
	at org.apache.coyote.http11.Http11Processor.service(Http11Processor.java:374)
	at org.apache.coyote.AbstractProcessorLight.process(AbstractProcessorLight.java:65)
	at org.apache.coyote.AbstractProtocol$ConnectionHandler.process(AbstractProtocol.java:888)
	at org.apache.tomcat.util.net.NioEndpoint$SocketProcessor.doRun(NioEndpoint.java:1597)
	at org.apache.tomcat.util.net.SocketProcessorBase.run(SocketProcessorBase.java:49)
	at java.util.concurrent.ThreadPoolExecutor.runWorker(ThreadPoolExecutor.java:1149)
	at java.util.concurrent.ThreadPoolExecutor$Worker.run(ThreadPoolExecutor.java:624)
	at org.apache.tomcat.util.threads.TaskThread$WrappingRunnable.run(TaskThread.java:61)
	at java.lang.Thread.run(Thread.java:748)
2021-02-20 18:49:08.185 INFO  --- [StartupInfoLogger.java:55][main] - Starting AssociationManageApplication using Java 1.8.0_161 on YUMC80K8J8KKQ8K with PID 13124 (G:\IDEA\workspace\graduationProject\association-manage\target\classes started by Taylor in G:\IDEA\workspace\graduationProject\association-manage)
2021-02-20 18:49:08.188 INFO  --- [SpringApplication.java:664][main] - The following profiles are active: dev
2021-02-20 18:49:09.600 INFO  --- [HikariDataSource.java:110][main] - HikariPool-1 - Starting...
2021-02-20 18:49:09.767 INFO  --- [HikariDataSource.java:123][main] - HikariPool-1 - Start completed.
2021-02-20 18:49:12.258 INFO  --- [StartupInfoLogger.java:61][main] - Started AssociationManageApplication in 4.79 seconds (JVM running for 6.844)
2021-02-20 18:49:38.799 INFO  --- [UserServiceImpl.java:68][http-nio-8083-exec-2] - token:eyJhbGciOiJIUzI1NiIsInR5cCI6IkpXVCJ9.eyJhdWQiOiJyb290IiwiZXhwIjoxNjEzODE4MzA2fQ.PKsaXBlHUaVBeQKOA0I6X4puw_IiTTl2U0Kiv7t8C8o
2021-02-20 18:49:38.859 ERROR --- [DirectJDKLog.java:175][http-nio-8083-exec-2] - Servlet.service() for servlet [dispatcherServlet] in context with path [] threw exception [Request processing failed; nested exception is java.lang.NullPointerException] with root cause
java.lang.NullPointerException: null
	at com.taylor.associationmanage.service.impl.UserServiceImpl.userInfo(UserServiceImpl.java:69)
	at sun.reflect.NativeMethodAccessorImpl.invoke0(Native Method)
	at sun.reflect.NativeMethodAccessorImpl.invoke(NativeMethodAccessorImpl.java:62)
	at sun.reflect.DelegatingMethodAccessorImpl.invoke(DelegatingMethodAccessorImpl.java:43)
	at java.lang.reflect.Method.invoke(Method.java:498)
	at org.springframework.aop.support.AopUtils.invokeJoinpointUsingReflection(AopUtils.java:344)
	at org.springframework.aop.framework.JdkDynamicAopProxy.invoke(JdkDynamicAopProxy.java:208)
	at com.sun.proxy.$Proxy78.userInfo(Unknown Source)
	at com.taylor.associationmanage.controller.UserController.getInfo(UserController.java:43)
	at sun.reflect.NativeMethodAccessorImpl.invoke0(Native Method)
	at sun.reflect.NativeMethodAccessorImpl.invoke(NativeMethodAccessorImpl.java:62)
	at sun.reflect.DelegatingMethodAccessorImpl.invoke(DelegatingMethodAccessorImpl.java:43)
	at java.lang.reflect.Method.invoke(Method.java:498)
	at org.springframework.web.method.support.InvocableHandlerMethod.doInvoke(InvocableHandlerMethod.java:197)
	at org.springframework.web.method.support.InvocableHandlerMethod.invokeForRequest(InvocableHandlerMethod.java:141)
	at org.springframework.web.servlet.mvc.method.annotation.ServletInvocableHandlerMethod.invokeAndHandle(ServletInvocableHandlerMethod.java:106)
	at org.springframework.web.servlet.mvc.method.annotation.RequestMappingHandlerAdapter.invokeHandlerMethod(RequestMappingHandlerAdapter.java:894)
	at org.springframework.web.servlet.mvc.method.annotation.RequestMappingHandlerAdapter.handleInternal(RequestMappingHandlerAdapter.java:808)
	at org.springframework.web.servlet.mvc.method.AbstractHandlerMethodAdapter.handle(AbstractHandlerMethodAdapter.java:87)
	at org.springframework.web.servlet.DispatcherServlet.doDispatch(DispatcherServlet.java:1060)
	at org.springframework.web.servlet.DispatcherServlet.doService(DispatcherServlet.java:962)
	at org.springframework.web.servlet.FrameworkServlet.processRequest(FrameworkServlet.java:1006)
	at org.springframework.web.servlet.FrameworkServlet.doPost(FrameworkServlet.java:909)
	at javax.servlet.http.HttpServlet.service(HttpServlet.java:652)
	at org.springframework.web.servlet.FrameworkServlet.service(FrameworkServlet.java:883)
	at javax.servlet.http.HttpServlet.service(HttpServlet.java:733)
	at org.apache.catalina.core.ApplicationFilterChain.internalDoFilter(ApplicationFilterChain.java:231)
	at org.apache.catalina.core.ApplicationFilterChain.doFilter(ApplicationFilterChain.java:166)
	at org.apache.tomcat.websocket.server.WsFilter.doFilter(WsFilter.java:53)
	at org.apache.catalina.core.ApplicationFilterChain.internalDoFilter(ApplicationFilterChain.java:193)
	at org.apache.catalina.core.ApplicationFilterChain.doFilter(ApplicationFilterChain.java:166)
	at org.apache.shiro.web.servlet.ProxiedFilterChain.doFilter(ProxiedFilterChain.java:61)
	at org.apache.shiro.web.servlet.AdviceFilter.executeChain(AdviceFilter.java:108)
	at org.apache.shiro.web.servlet.AdviceFilter.doFilterInternal(AdviceFilter.java:137)
	at org.apache.shiro.web.servlet.OncePerRequestFilter.doFilter(OncePerRequestFilter.java:125)
	at org.apache.shiro.web.servlet.ProxiedFilterChain.doFilter(ProxiedFilterChain.java:66)
	at org.apache.shiro.web.servlet.AbstractShiroFilter.executeChain(AbstractShiroFilter.java:449)
	at org.apache.shiro.web.servlet.AbstractShiroFilter$1.call(AbstractShiroFilter.java:365)
	at org.apache.shiro.subject.support.SubjectCallable.doCall(SubjectCallable.java:90)
	at org.apache.shiro.subject.support.SubjectCallable.call(SubjectCallable.java:83)
	at org.apache.shiro.subject.support.DelegatingSubject.execute(DelegatingSubject.java:387)
	at org.apache.shiro.web.servlet.AbstractShiroFilter.doFilterInternal(AbstractShiroFilter.java:362)
	at org.apache.shiro.web.servlet.OncePerRequestFilter.doFilter(OncePerRequestFilter.java:125)
	at org.apache.catalina.core.ApplicationFilterChain.internalDoFilter(ApplicationFilterChain.java:193)
	at org.apache.catalina.core.ApplicationFilterChain.doFilter(ApplicationFilterChain.java:166)
	at org.springframework.web.filter.RequestContextFilter.doFilterInternal(RequestContextFilter.java:100)
	at org.springframework.web.filter.OncePerRequestFilter.doFilter(OncePerRequestFilter.java:119)
	at org.apache.catalina.core.ApplicationFilterChain.internalDoFilter(ApplicationFilterChain.java:193)
	at org.apache.catalina.core.ApplicationFilterChain.doFilter(ApplicationFilterChain.java:166)
	at org.springframework.web.filter.FormContentFilter.doFilterInternal(FormContentFilter.java:93)
	at org.springframework.web.filter.OncePerRequestFilter.doFilter(OncePerRequestFilter.java:119)
	at org.apache.catalina.core.ApplicationFilterChain.internalDoFilter(ApplicationFilterChain.java:193)
	at org.apache.catalina.core.ApplicationFilterChain.doFilter(ApplicationFilterChain.java:166)
	at org.springframework.web.filter.CharacterEncodingFilter.doFilterInternal(CharacterEncodingFilter.java:201)
	at org.springframework.web.filter.OncePerRequestFilter.doFilter(OncePerRequestFilter.java:119)
	at org.apache.catalina.core.ApplicationFilterChain.internalDoFilter(ApplicationFilterChain.java:193)
	at org.apache.catalina.core.ApplicationFilterChain.doFilter(ApplicationFilterChain.java:166)
	at org.apache.catalina.core.StandardWrapperValve.invoke(StandardWrapperValve.java:202)
	at org.apache.catalina.core.StandardContextValve.invoke(StandardContextValve.java:97)
	at org.apache.catalina.authenticator.AuthenticatorBase.invoke(AuthenticatorBase.java:542)
	at org.apache.catalina.core.StandardHostValve.invoke(StandardHostValve.java:143)
	at org.apache.catalina.valves.ErrorReportValve.invoke(ErrorReportValve.java:92)
	at org.apache.catalina.core.StandardEngineValve.invoke(StandardEngineValve.java:78)
	at org.apache.catalina.connector.CoyoteAdapter.service(CoyoteAdapter.java:343)
	at org.apache.coyote.http11.Http11Processor.service(Http11Processor.java:374)
	at org.apache.coyote.AbstractProcessorLight.process(AbstractProcessorLight.java:65)
	at org.apache.coyote.AbstractProtocol$ConnectionHandler.process(AbstractProtocol.java:888)
	at org.apache.tomcat.util.net.NioEndpoint$SocketProcessor.doRun(NioEndpoint.java:1597)
	at org.apache.tomcat.util.net.SocketProcessorBase.run(SocketProcessorBase.java:49)
	at java.util.concurrent.ThreadPoolExecutor.runWorker(ThreadPoolExecutor.java:1149)
	at java.util.concurrent.ThreadPoolExecutor$Worker.run(ThreadPoolExecutor.java:624)
	at org.apache.tomcat.util.threads.TaskThread$WrappingRunnable.run(TaskThread.java:61)
	at java.lang.Thread.run(Thread.java:748)
2021-02-20 18:50:32.386 INFO  --- [StartupInfoLogger.java:55][main] - Starting AssociationManageApplication using Java 1.8.0_161 on YUMC80K8J8KKQ8K with PID 17948 (G:\IDEA\workspace\graduationProject\association-manage\target\classes started by Taylor in G:\IDEA\workspace\graduationProject\association-manage)
2021-02-20 18:50:32.389 INFO  --- [SpringApplication.java:664][main] - The following profiles are active: dev
2021-02-20 18:50:34.020 INFO  --- [HikariDataSource.java:110][main] - HikariPool-1 - Starting...
2021-02-20 18:50:34.179 INFO  --- [HikariDataSource.java:123][main] - HikariPool-1 - Start completed.
2021-02-20 18:50:36.601 INFO  --- [StartupInfoLogger.java:61][main] - Started AssociationManageApplication in 4.861 seconds (JVM running for 7.138)
2021-02-20 18:50:47.567 INFO  --- [UserServiceImpl.java:68][http-nio-8083-exec-1] - ======token:eyJhbGciOiJIUzI1NiIsInR5cCI6IkpXVCJ9.eyJhdWQiOiJyb290IiwiZXhwIjoxNjEzODE4MzA2fQ.PKsaXBlHUaVBeQKOA0I6X4puw_IiTTl2U0Kiv7t8C8o
2021-02-20 18:50:47.618 ERROR --- [DirectJDKLog.java:175][http-nio-8083-exec-1] - Servlet.service() for servlet [dispatcherServlet] in context with path [] threw exception [Request processing failed; nested exception is java.lang.NullPointerException] with root cause
java.lang.NullPointerException: null
	at com.taylor.associationmanage.service.impl.UserServiceImpl.userInfo(UserServiceImpl.java:69)
	at sun.reflect.NativeMethodAccessorImpl.invoke0(Native Method)
	at sun.reflect.NativeMethodAccessorImpl.invoke(NativeMethodAccessorImpl.java:62)
	at sun.reflect.DelegatingMethodAccessorImpl.invoke(DelegatingMethodAccessorImpl.java:43)
	at java.lang.reflect.Method.invoke(Method.java:498)
	at org.springframework.aop.support.AopUtils.invokeJoinpointUsingReflection(AopUtils.java:344)
	at org.springframework.aop.framework.JdkDynamicAopProxy.invoke(JdkDynamicAopProxy.java:208)
	at com.sun.proxy.$Proxy78.userInfo(Unknown Source)
	at com.taylor.associationmanage.controller.UserController.getInfo(UserController.java:43)
	at sun.reflect.NativeMethodAccessorImpl.invoke0(Native Method)
	at sun.reflect.NativeMethodAccessorImpl.invoke(NativeMethodAccessorImpl.java:62)
	at sun.reflect.DelegatingMethodAccessorImpl.invoke(DelegatingMethodAccessorImpl.java:43)
	at java.lang.reflect.Method.invoke(Method.java:498)
	at org.springframework.web.method.support.InvocableHandlerMethod.doInvoke(InvocableHandlerMethod.java:197)
	at org.springframework.web.method.support.InvocableHandlerMethod.invokeForRequest(InvocableHandlerMethod.java:141)
	at org.springframework.web.servlet.mvc.method.annotation.ServletInvocableHandlerMethod.invokeAndHandle(ServletInvocableHandlerMethod.java:106)
	at org.springframework.web.servlet.mvc.method.annotation.RequestMappingHandlerAdapter.invokeHandlerMethod(RequestMappingHandlerAdapter.java:894)
	at org.springframework.web.servlet.mvc.method.annotation.RequestMappingHandlerAdapter.handleInternal(RequestMappingHandlerAdapter.java:808)
	at org.springframework.web.servlet.mvc.method.AbstractHandlerMethodAdapter.handle(AbstractHandlerMethodAdapter.java:87)
	at org.springframework.web.servlet.DispatcherServlet.doDispatch(DispatcherServlet.java:1060)
	at org.springframework.web.servlet.DispatcherServlet.doService(DispatcherServlet.java:962)
	at org.springframework.web.servlet.FrameworkServlet.processRequest(FrameworkServlet.java:1006)
	at org.springframework.web.servlet.FrameworkServlet.doPost(FrameworkServlet.java:909)
	at javax.servlet.http.HttpServlet.service(HttpServlet.java:652)
	at org.springframework.web.servlet.FrameworkServlet.service(FrameworkServlet.java:883)
	at javax.servlet.http.HttpServlet.service(HttpServlet.java:733)
	at org.apache.catalina.core.ApplicationFilterChain.internalDoFilter(ApplicationFilterChain.java:231)
	at org.apache.catalina.core.ApplicationFilterChain.doFilter(ApplicationFilterChain.java:166)
	at org.apache.tomcat.websocket.server.WsFilter.doFilter(WsFilter.java:53)
	at org.apache.catalina.core.ApplicationFilterChain.internalDoFilter(ApplicationFilterChain.java:193)
	at org.apache.catalina.core.ApplicationFilterChain.doFilter(ApplicationFilterChain.java:166)
	at org.apache.shiro.web.servlet.ProxiedFilterChain.doFilter(ProxiedFilterChain.java:61)
	at org.apache.shiro.web.servlet.AdviceFilter.executeChain(AdviceFilter.java:108)
	at org.apache.shiro.web.servlet.AdviceFilter.doFilterInternal(AdviceFilter.java:137)
	at org.apache.shiro.web.servlet.OncePerRequestFilter.doFilter(OncePerRequestFilter.java:125)
	at org.apache.shiro.web.servlet.ProxiedFilterChain.doFilter(ProxiedFilterChain.java:66)
	at org.apache.shiro.web.servlet.AbstractShiroFilter.executeChain(AbstractShiroFilter.java:449)
	at org.apache.shiro.web.servlet.AbstractShiroFilter$1.call(AbstractShiroFilter.java:365)
	at org.apache.shiro.subject.support.SubjectCallable.doCall(SubjectCallable.java:90)
	at org.apache.shiro.subject.support.SubjectCallable.call(SubjectCallable.java:83)
	at org.apache.shiro.subject.support.DelegatingSubject.execute(DelegatingSubject.java:387)
	at org.apache.shiro.web.servlet.AbstractShiroFilter.doFilterInternal(AbstractShiroFilter.java:362)
	at org.apache.shiro.web.servlet.OncePerRequestFilter.doFilter(OncePerRequestFilter.java:125)
	at org.apache.catalina.core.ApplicationFilterChain.internalDoFilter(ApplicationFilterChain.java:193)
	at org.apache.catalina.core.ApplicationFilterChain.doFilter(ApplicationFilterChain.java:166)
	at org.springframework.web.filter.RequestContextFilter.doFilterInternal(RequestContextFilter.java:100)
	at org.springframework.web.filter.OncePerRequestFilter.doFilter(OncePerRequestFilter.java:119)
	at org.apache.catalina.core.ApplicationFilterChain.internalDoFilter(ApplicationFilterChain.java:193)
	at org.apache.catalina.core.ApplicationFilterChain.doFilter(ApplicationFilterChain.java:166)
	at org.springframework.web.filter.FormContentFilter.doFilterInternal(FormContentFilter.java:93)
	at org.springframework.web.filter.OncePerRequestFilter.doFilter(OncePerRequestFilter.java:119)
	at org.apache.catalina.core.ApplicationFilterChain.internalDoFilter(ApplicationFilterChain.java:193)
	at org.apache.catalina.core.ApplicationFilterChain.doFilter(ApplicationFilterChain.java:166)
	at org.springframework.web.filter.CharacterEncodingFilter.doFilterInternal(CharacterEncodingFilter.java:201)
	at org.springframework.web.filter.OncePerRequestFilter.doFilter(OncePerRequestFilter.java:119)
	at org.apache.catalina.core.ApplicationFilterChain.internalDoFilter(ApplicationFilterChain.java:193)
	at org.apache.catalina.core.ApplicationFilterChain.doFilter(ApplicationFilterChain.java:166)
	at org.apache.catalina.core.StandardWrapperValve.invoke(StandardWrapperValve.java:202)
	at org.apache.catalina.core.StandardContextValve.invoke(StandardContextValve.java:97)
	at org.apache.catalina.authenticator.AuthenticatorBase.invoke(AuthenticatorBase.java:542)
	at org.apache.catalina.core.StandardHostValve.invoke(StandardHostValve.java:143)
	at org.apache.catalina.valves.ErrorReportValve.invoke(ErrorReportValve.java:92)
	at org.apache.catalina.core.StandardEngineValve.invoke(StandardEngineValve.java:78)
	at org.apache.catalina.connector.CoyoteAdapter.service(CoyoteAdapter.java:343)
	at org.apache.coyote.http11.Http11Processor.service(Http11Processor.java:374)
	at org.apache.coyote.AbstractProcessorLight.process(AbstractProcessorLight.java:65)
	at org.apache.coyote.AbstractProtocol$ConnectionHandler.process(AbstractProtocol.java:888)
	at org.apache.tomcat.util.net.NioEndpoint$SocketProcessor.doRun(NioEndpoint.java:1597)
	at org.apache.tomcat.util.net.SocketProcessorBase.run(SocketProcessorBase.java:49)
	at java.util.concurrent.ThreadPoolExecutor.runWorker(ThreadPoolExecutor.java:1149)
	at java.util.concurrent.ThreadPoolExecutor$Worker.run(ThreadPoolExecutor.java:624)
	at org.apache.tomcat.util.threads.TaskThread$WrappingRunnable.run(TaskThread.java:61)
	at java.lang.Thread.run(Thread.java:748)
2021-02-20 18:53:49.268 INFO  --- [StartupInfoLogger.java:55][main] - Starting AssociationManageApplication using Java 1.8.0_161 on YUMC80K8J8KKQ8K with PID 5016 (G:\IDEA\workspace\graduationProject\association-manage\target\classes started by Taylor in G:\IDEA\workspace\graduationProject\association-manage)
2021-02-20 18:53:49.272 INFO  --- [SpringApplication.java:664][main] - The following profiles are active: dev
2021-02-20 18:53:50.605 INFO  --- [HikariDataSource.java:110][main] - HikariPool-1 - Starting...
2021-02-20 18:53:50.766 INFO  --- [HikariDataSource.java:123][main] - HikariPool-1 - Start completed.
2021-02-20 18:53:53.339 INFO  --- [StartupInfoLogger.java:61][main] - Started AssociationManageApplication in 4.654 seconds (JVM running for 6.912)
2021-02-20 18:54:21.005 INFO  --- [UserServiceImpl.java:68][http-nio-8083-exec-1] - ======token:eyJhbGciOiJIUzI1NiIsInR5cCI6IkpXVCJ9.eyJhdWQiOiJyb290IiwiZXhwIjoxNjEzODE4MzA2fQ.PKsaXBlHUaVBeQKOA0I6X4puw_IiTTl2U0Kiv7t8C8o
2021-02-20 18:54:21.064 ERROR --- [DirectJDKLog.java:175][http-nio-8083-exec-1] - Servlet.service() for servlet [dispatcherServlet] in context with path [] threw exception [Request processing failed; nested exception is java.lang.NullPointerException] with root cause
java.lang.NullPointerException: null
	at com.taylor.associationmanage.service.impl.UserServiceImpl.userInfo(UserServiceImpl.java:69)
	at sun.reflect.NativeMethodAccessorImpl.invoke0(Native Method)
	at sun.reflect.NativeMethodAccessorImpl.invoke(NativeMethodAccessorImpl.java:62)
	at sun.reflect.DelegatingMethodAccessorImpl.invoke(DelegatingMethodAccessorImpl.java:43)
	at java.lang.reflect.Method.invoke(Method.java:498)
	at org.springframework.aop.support.AopUtils.invokeJoinpointUsingReflection(AopUtils.java:344)
	at org.springframework.aop.framework.JdkDynamicAopProxy.invoke(JdkDynamicAopProxy.java:208)
	at com.sun.proxy.$Proxy78.userInfo(Unknown Source)
	at com.taylor.associationmanage.controller.UserController.getInfo(UserController.java:43)
	at sun.reflect.NativeMethodAccessorImpl.invoke0(Native Method)
	at sun.reflect.NativeMethodAccessorImpl.invoke(NativeMethodAccessorImpl.java:62)
	at sun.reflect.DelegatingMethodAccessorImpl.invoke(DelegatingMethodAccessorImpl.java:43)
	at java.lang.reflect.Method.invoke(Method.java:498)
	at org.springframework.web.method.support.InvocableHandlerMethod.doInvoke(InvocableHandlerMethod.java:197)
	at org.springframework.web.method.support.InvocableHandlerMethod.invokeForRequest(InvocableHandlerMethod.java:141)
	at org.springframework.web.servlet.mvc.method.annotation.ServletInvocableHandlerMethod.invokeAndHandle(ServletInvocableHandlerMethod.java:106)
	at org.springframework.web.servlet.mvc.method.annotation.RequestMappingHandlerAdapter.invokeHandlerMethod(RequestMappingHandlerAdapter.java:894)
	at org.springframework.web.servlet.mvc.method.annotation.RequestMappingHandlerAdapter.handleInternal(RequestMappingHandlerAdapter.java:808)
	at org.springframework.web.servlet.mvc.method.AbstractHandlerMethodAdapter.handle(AbstractHandlerMethodAdapter.java:87)
	at org.springframework.web.servlet.DispatcherServlet.doDispatch(DispatcherServlet.java:1060)
	at org.springframework.web.servlet.DispatcherServlet.doService(DispatcherServlet.java:962)
	at org.springframework.web.servlet.FrameworkServlet.processRequest(FrameworkServlet.java:1006)
	at org.springframework.web.servlet.FrameworkServlet.doPost(FrameworkServlet.java:909)
	at javax.servlet.http.HttpServlet.service(HttpServlet.java:652)
	at org.springframework.web.servlet.FrameworkServlet.service(FrameworkServlet.java:883)
	at javax.servlet.http.HttpServlet.service(HttpServlet.java:733)
	at org.apache.catalina.core.ApplicationFilterChain.internalDoFilter(ApplicationFilterChain.java:231)
	at org.apache.catalina.core.ApplicationFilterChain.doFilter(ApplicationFilterChain.java:166)
	at org.apache.tomcat.websocket.server.WsFilter.doFilter(WsFilter.java:53)
	at org.apache.catalina.core.ApplicationFilterChain.internalDoFilter(ApplicationFilterChain.java:193)
	at org.apache.catalina.core.ApplicationFilterChain.doFilter(ApplicationFilterChain.java:166)
	at org.apache.shiro.web.servlet.ProxiedFilterChain.doFilter(ProxiedFilterChain.java:61)
	at org.apache.shiro.web.servlet.AdviceFilter.executeChain(AdviceFilter.java:108)
	at org.apache.shiro.web.servlet.AdviceFilter.doFilterInternal(AdviceFilter.java:137)
	at org.apache.shiro.web.servlet.OncePerRequestFilter.doFilter(OncePerRequestFilter.java:125)
	at org.apache.shiro.web.servlet.ProxiedFilterChain.doFilter(ProxiedFilterChain.java:66)
	at org.apache.shiro.web.servlet.AbstractShiroFilter.executeChain(AbstractShiroFilter.java:449)
	at org.apache.shiro.web.servlet.AbstractShiroFilter$1.call(AbstractShiroFilter.java:365)
	at org.apache.shiro.subject.support.SubjectCallable.doCall(SubjectCallable.java:90)
	at org.apache.shiro.subject.support.SubjectCallable.call(SubjectCallable.java:83)
	at org.apache.shiro.subject.support.DelegatingSubject.execute(DelegatingSubject.java:387)
	at org.apache.shiro.web.servlet.AbstractShiroFilter.doFilterInternal(AbstractShiroFilter.java:362)
	at org.apache.shiro.web.servlet.OncePerRequestFilter.doFilter(OncePerRequestFilter.java:125)
	at org.apache.catalina.core.ApplicationFilterChain.internalDoFilter(ApplicationFilterChain.java:193)
	at org.apache.catalina.core.ApplicationFilterChain.doFilter(ApplicationFilterChain.java:166)
	at org.springframework.web.filter.RequestContextFilter.doFilterInternal(RequestContextFilter.java:100)
	at org.springframework.web.filter.OncePerRequestFilter.doFilter(OncePerRequestFilter.java:119)
	at org.apache.catalina.core.ApplicationFilterChain.internalDoFilter(ApplicationFilterChain.java:193)
	at org.apache.catalina.core.ApplicationFilterChain.doFilter(ApplicationFilterChain.java:166)
	at org.springframework.web.filter.FormContentFilter.doFilterInternal(FormContentFilter.java:93)
	at org.springframework.web.filter.OncePerRequestFilter.doFilter(OncePerRequestFilter.java:119)
	at org.apache.catalina.core.ApplicationFilterChain.internalDoFilter(ApplicationFilterChain.java:193)
	at org.apache.catalina.core.ApplicationFilterChain.doFilter(ApplicationFilterChain.java:166)
	at org.springframework.web.filter.CharacterEncodingFilter.doFilterInternal(CharacterEncodingFilter.java:201)
	at org.springframework.web.filter.OncePerRequestFilter.doFilter(OncePerRequestFilter.java:119)
	at org.apache.catalina.core.ApplicationFilterChain.internalDoFilter(ApplicationFilterChain.java:193)
	at org.apache.catalina.core.ApplicationFilterChain.doFilter(ApplicationFilterChain.java:166)
	at org.apache.catalina.core.StandardWrapperValve.invoke(StandardWrapperValve.java:202)
	at org.apache.catalina.core.StandardContextValve.invoke(StandardContextValve.java:97)
	at org.apache.catalina.authenticator.AuthenticatorBase.invoke(AuthenticatorBase.java:542)
	at org.apache.catalina.core.StandardHostValve.invoke(StandardHostValve.java:143)
	at org.apache.catalina.valves.ErrorReportValve.invoke(ErrorReportValve.java:92)
	at org.apache.catalina.core.StandardEngineValve.invoke(StandardEngineValve.java:78)
	at org.apache.catalina.connector.CoyoteAdapter.service(CoyoteAdapter.java:343)
	at org.apache.coyote.http11.Http11Processor.service(Http11Processor.java:374)
	at org.apache.coyote.AbstractProcessorLight.process(AbstractProcessorLight.java:65)
	at org.apache.coyote.AbstractProtocol$ConnectionHandler.process(AbstractProtocol.java:888)
	at org.apache.tomcat.util.net.NioEndpoint$SocketProcessor.doRun(NioEndpoint.java:1597)
	at org.apache.tomcat.util.net.SocketProcessorBase.run(SocketProcessorBase.java:49)
	at java.util.concurrent.ThreadPoolExecutor.runWorker(ThreadPoolExecutor.java:1149)
	at java.util.concurrent.ThreadPoolExecutor$Worker.run(ThreadPoolExecutor.java:624)
	at org.apache.tomcat.util.threads.TaskThread$WrappingRunnable.run(TaskThread.java:61)
	at java.lang.Thread.run(Thread.java:748)
2021-02-20 18:54:39.479 INFO  --- [StartupInfoLogger.java:55][main] - Starting AssociationManageApplication using Java 1.8.0_161 on YUMC80K8J8KKQ8K with PID 10568 (G:\IDEA\workspace\graduationProject\association-manage\target\classes started by Taylor in G:\IDEA\workspace\graduationProject\association-manage)
2021-02-20 18:54:39.482 INFO  --- [SpringApplication.java:664][main] - The following profiles are active: dev
2021-02-20 18:54:41.029 INFO  --- [HikariDataSource.java:110][main] - HikariPool-1 - Starting...
2021-02-20 18:54:41.197 INFO  --- [HikariDataSource.java:123][main] - HikariPool-1 - Start completed.
2021-02-20 18:54:43.681 INFO  --- [StartupInfoLogger.java:61][main] - Started AssociationManageApplication in 4.81 seconds (JVM running for 6.947)
2021-02-20 18:55:08.642 INFO  --- [UserServiceImpl.java:68][http-nio-8083-exec-3] - ======token:eyJhbGciOiJIUzI1NiIsInR5cCI6IkpXVCJ9.eyJhdWQiOiJyb290IiwidWlkIjoxMzYyNzA5NDUzNjA1OTY1ODI2LCJleHAiOjE2MTM4MjAyODl9.PzYy69vezHcEmorkutR6AeXD77CFawzKR_AE9LZW-8M
2021-02-20 18:55:08.678 INFO  --- [UserServiceImpl.java:96][http-nio-8083-exec-3] - RoleId为：1
2021-02-20 18:55:08.692 INFO  --- [UserServiceImpl.java:104][http-nio-8083-exec-3] - userInfoVO:UserInfoVO(userId=1362709453605965826, username=root, name=root, sex=男, phone=18894536254, email=root@qq.com, createTime=Fri Feb 19 18:23:46 CST 2021, updateTime=Fri Feb 19 18:23:46 CST 2021, roles=[root])
